<?xml version="1.0" encoding="utf-8"?><testsuites name="pytest tests"><testsuite name="pytest" errors="0" failures="1" skipped="0" tests="19" time="9.260" timestamp="2026-05-07T17:41:29.459183+00:00" hostname="agent-env-774fea23-6b8e-42a1-8db6-8ec633d9e979"><testcase classname="backend.tests.test_admin_dashboard.TestLogin" name="test_login_username_super_admin" time="0.495" /><testcase classname="backend.tests.test_admin_dashboard.TestLogin" name="test_login_legacy_admin_email" time="0.384" /><testcase classname="backend.tests.test_admin_dashboard.TestLogin" name="test_login_wrong_password" time="0.434" /><testcase classname="backend.tests.test_admin_dashboard.TestSoftBlock" name="test_block_then_login_403" time="1.267" /><testcase classname="backend.tests.test_admin_dashboard.TestSoftBlock" name="test_reenable_then_login_works" time="0.516" /><testcase classname="backend.tests.test_admin_dashboard.TestSoftBlock" name="test_cannot_block_super_admin" time="0.159" /><testcase classname="backend.tests.test_admin_dashboard.TestSoftBlock" name="test_cannot_block_self" time="0.504" /><testcase classname="backend.tests.test_admin_dashboard.TestAdminResetPassword" name="test_reset_user_password_then_login" time="1.126" /><testcase classname="backend.tests.test_admin_dashboard.TestAdminResetPassword" name="test_password_too_short" time="0.154" /><testcase classname="backend.tests.test_admin_dashboard.TestAdminSelfPassword" name="test_wrong_current_password_returns_401" time="0.388" /><testcase classname="backend.tests.test_admin_dashboard.TestAdminSelfPassword" name="test_change_then_change_back" time="1.607" /><testcase classname="backend.tests.test_admin_dashboard.TestAdminSelfPassword" name="test_too_short_password_returns_400" time="0.129"><failure message="AssertionError: {&quot;detail&quot;:&quot;Session beendet (anderes Gerät aktiv)&quot;}&#10;assert 401 == 400&#10; +  where 401 = &lt;Response [401]&gt;.status_code">backend/tests/test_admin_dashboard.py:228: in test_too_short_password_returns_400
    assert r.status_code == 400, r.text
E   AssertionError: {"detail":"Session beendet (anderes Gerät aktiv)"}
E   assert 401 == 400
E    +  where 401 = &lt;Response [401]&gt;.status_code</failure></testcase><testcase classname="backend.tests.test_admin_dashboard.TestAdminListsAndStats" name="test_list_users_shape" time="0.133" /><testcase classname="backend.tests.test_admin_dashboard.TestAdminListsAndStats" name="test_user_contracts_shape" time="0.132" /><testcase classname="backend.tests.test_admin_dashboard.TestAdminListsAndStats" name="test_comparisons_shape" time="0.137" /><testcase classname="backend.tests.test_admin_dashboard.TestAdminListsAndStats" name="test_url_stats_shape" time="0.124" /><testcase classname="backend.tests.test_admin_dashboard.TestAdminListsAndStats" name="test_stats_shape" time="0.137" /><testcase classname="backend.tests.test_admin_dashboard.TestAdminContractPdf" name="test_pdf_streaming" time="0.357" /><testcase classname="backend.tests.test_admin_dashboard.TestAuthorization" name="test_non_admin_cannot_call_admin_endpoints" time="0.988" /></testsuite></testsuites>