<?xml version="1.0" encoding="utf-8"?><testsuites name="pytest tests"><testsuite name="pytest" errors="0" failures="0" skipped="1" tests="1" time="2.436" timestamp="2026-05-01T10:52:11.247482+00:00" hostname="agent-env-f23b9f94-40d9-4ea6-a974-0776c931f525"><testcase classname="backend.tests.test_driver_system.TestDriverAppointments" name="test_driver_sees_assigned_appointments" time="2.354"><skipped type="pytest.skip" message="contract creation unavailable: 422 {&quot;detail&quot;:[{&quot;type&quot;:&quot;missing&quot;,&quot;loc&quot;:[&quot;body&quot;,&quot;seller_name&quot;],&quot;msg&quot;:&quot;Field required&quot;,&quot;input&quot;:{&quot;vehicle_id&quot;:&quot;v_448228023&quot;,&quot;buyer&quot;:{&quot;name&quot;:&quot;Käufer GmbH&quot;,&quot;email&quot;:&quot;k@e.de&quot;,&quot;address&quot;:&quot;Str 1&quot;,&quot;zip_code&quot;:&quot;10115&quot;">/app/backend/tests/test_driver_system.py:339: contract creation unavailable: 422 {"detail":[{"type":"missing","loc":["body","seller_name"],"msg":"Field required","input":{"vehicle_id":"v_448228023","buyer":{"name":"Käufer GmbH","email":"k@e.de","address":"Str 1","zip_code":"10115"</skipped></testcase></testsuite></testsuites>