<?xml version="1.0" encoding="utf-8"?><testsuites name="pytest tests"><testsuite name="pytest" errors="0" failures="0" skipped="0" tests="14" time="12.062" timestamp="2026-05-01T10:52:41.981514+00:00" hostname="agent-env-f23b9f94-40d9-4ea6-a974-0776c931f525"><testcase classname="backend.tests.test_driver_system.TestDriverRegisterLogin" name="test_register_creates_account_and_token" time="0.398" /><testcase classname="backend.tests.test_driver_system.TestDriverRegisterLogin" name="test_duplicate_email_returns_409" time="0.432" /><testcase classname="backend.tests.test_driver_system.TestDriverRegisterLogin" name="test_login_success" time="0.698" /><testcase classname="backend.tests.test_driver_system.TestDriverRegisterLogin" name="test_login_wrong_password" time="0.656" /><testcase classname="backend.tests.test_driver_system.TestDriverMe" name="test_me_initial_no_dealers" time="0.460" /><testcase classname="backend.tests.test_driver_system.TestDriverMe" name="test_update_display_name" time="1.486" /><testcase classname="backend.tests.test_driver_system.TestDealerDrivers" name="test_add_driver_by_code" time="0.775" /><testcase classname="backend.tests.test_driver_system.TestDealerDrivers" name="test_add_unknown_code_404" time="0.462" /><testcase classname="backend.tests.test_driver_system.TestDealerDrivers" name="test_add_duplicate_409" time="0.968" /><testcase classname="backend.tests.test_driver_system.TestDealerDrivers" name="test_list_drivers" time="0.444" /><testcase classname="backend.tests.test_driver_system.TestDealerDrivers" name="test_delete_driver_link" time="0.980" /><testcase classname="backend.tests.test_driver_system.TestConflicts" name="test_conflicts_endpoint_returns_payload" time="0.872" /><testcase classname="backend.tests.test_driver_system.TestDriverAppointments" name="test_driver_sees_assigned_appointments" time="2.898" /><testcase classname="backend.tests.test_driver_system.TestDriverAppointments" name="test_driver_cannot_access_foreign_pdf" time="0.433" /></testsuite></testsuites>