<?xml version="1.0" encoding="utf-8"?><testsuites name="pytest tests"><testsuite name="pytest" errors="0" failures="1" skipped="0" tests="24" time="17.509" timestamp="2026-04-26T18:41:50.189352+00:00" hostname="agent-env-7d67fdfe-fa99-4cbe-bc7e-72e1df530a39"><testcase classname="backend.tests.backend_test.TestAuth" name="test_register" time="0.451" /><testcase classname="backend.tests.backend_test.TestAuth" name="test_register_duplicate" time="0.466" /><testcase classname="backend.tests.backend_test.TestAuth" name="test_login_invalid" time="0.334" /><testcase classname="backend.tests.backend_test.TestAuth" name="test_me" time="0.460" /><testcase classname="backend.tests.backend_test.TestAuth" name="test_single_session_invalidates_old" time="1.257" /><testcase classname="backend.tests.backend_test.TestSubscription" name="test_compare_without_sub_402" time="0.776" /><testcase classname="backend.tests.backend_test.TestSubscription" name="test_dealer_a_has_lifetime" time="1.245" /><testcase classname="backend.tests.backend_test.TestMobileCompare" name="test_compare_returns_vehicle" time="0.462" /><testcase classname="backend.tests.backend_test.TestMobileCompare" name="test_compare_cache" time="0.922" /><testcase classname="backend.tests.backend_test.TestMobileCompare" name="test_compare_invalid_url" time="0.431" /><testcase classname="backend.tests.backend_test.TestMobileCompare" name="test_live_counter" time="0.567" /><testcase classname="backend.tests.backend_test.TestContracts" name="test_create_and_pdf" time="0.682" /><testcase classname="backend.tests.backend_test.TestContracts" name="test_send_whatsapp_and_email" time="0.884" /><testcase classname="backend.tests.backend_test.TestContracts" name="test_list_isolation" time="1.119" /><testcase classname="backend.tests.backend_test.TestAppointments" name="test_create_and_update" time="1.005" /><testcase classname="backend.tests.backend_test.TestAppointments" name="test_isolation" time="0.920" /><testcase classname="backend.tests.backend_test.TestDrivers" name="test_crud" time="0.784" /><testcase classname="backend.tests.backend_test.TestDealerSettings" name="test_update" time="0.453" /><testcase classname="backend.tests.backend_test.TestAdmin" name="test_admin_create_lifetime_user" time="1.107" /><testcase classname="backend.tests.backend_test.TestAdmin" name="test_list_users_enriched" time="0.452" /><testcase classname="backend.tests.backend_test.TestAdmin" name="test_list_contracts" time="0.455" /><testcase classname="backend.tests.backend_test.TestAdmin" name="test_admin_only" time="0.459" /><testcase classname="backend.tests.backend_test.TestPayments" name="test_checkout_monthly" time="1.249"><failure message="assert 500 == 200&#10; +  where 500 = &lt;Response [500]&gt;.status_code">backend/tests/backend_test.py:330: in test_checkout_monthly
    assert s.status_code == 200
E   assert 500 == 200
E    +  where 500 = &lt;Response [500]&gt;.status_code</failure></testcase><testcase classname="backend.tests.backend_test.TestPayments" name="test_checkout_invalid_plan" time="0.444" /></testsuite></testsuites>